-------------------------------------------------------------------------------
Test set: com.example.hallBookingSystem.HallBookingSystemApplicationTests
-------------------------------------------------------------------------------
Tests run: 1, Failures: 0, Errors: 1, Skipped: 0, Time elapsed: 0.081 s <<< FAILURE! - in com.example.hallBookingSystem.HallBookingSystemApplicationTests
com.example.hallBookingSystem.HallBookingSystemApplicationTests  Time elapsed: 0.081 s  <<< ERROR!
java.lang.IllegalStateException: Unable to find a @SpringBootConfiguration, you need to use @ContextConfiguration or @SpringBootTest(classes=...) with your test

